Copyright 1986-2022 Xilinx, Inc. All Rights Reserved. Copyright 2022-2024 Advanced Micro Devices, Inc. All Rights Reserved.
---------------------------------------------------------------------------------------------------------------------------------------------
| Tool Version : Vivado v.2024.1 (lin64) Build 5076996 Wed May 22 18:36:09 MDT 2024
| Date         : Wed Dec 11 20:51:33 2024
| Host         : eecs-digital-07 running 64-bit Ubuntu 24.04.1 LTS
| Command      : report_timing_summary -file obj/post_synth_timing_summary.rpt
| Design       : top_level
| Device       : 7s50-csga324
| Speed File   : -1  PRODUCTION 1.23 2018-06-13
| Design State : Synthesized
---------------------------------------------------------------------------------------------------------------------------------------------

Timing Summary Report

------------------------------------------------------------------------------------------------
| Timer Settings
| --------------
------------------------------------------------------------------------------------------------

  Enable Multi Corner Analysis               :  Yes
  Enable Pessimism Removal                   :  Yes
  Pessimism Removal Resolution               :  Nearest Common Node
  Enable Input Delay Default Clock           :  No
  Enable Preset / Clear Arcs                 :  No
  Disable Flight Delays                      :  No
  Ignore I/O Paths                           :  No
  Timing Early Launch at Borrowing Latches   :  No
  Borrow Time for Max Delay Exceptions       :  Yes
  Merge Timing Exceptions                    :  Yes
  Inter-SLR Compensation                     :  Conservative

  Corner  Analyze    Analyze    
  Name    Max Paths  Min Paths  
  ------  ---------  ---------  
  Slow    Yes        Yes        
  Fast    Yes        Yes        


------------------------------------------------------------------------------------------------
| Report Methodology
| ------------------
------------------------------------------------------------------------------------------------

No report available as report_methodology has not been run prior. Run report_methodology on the current design for the summary of methodology violations.



check_timing report

Table of Contents
-----------------
1. checking no_clock (0)
2. checking constant_clock (0)
3. checking pulse_width_clock (0)
4. checking unconstrained_internal_endpoints (0)
5. checking no_input_delay (4)
6. checking no_output_delay (5)
7. checking multiple_clock (0)
8. checking generated_clocks (0)
9. checking loops (0)
10. checking partial_input_delay (0)
11. checking partial_output_delay (0)
12. checking latch_loops (0)

1. checking no_clock (0)
------------------------
 There are 0 register/latch pins with no clock.


2. checking constant_clock (0)
------------------------------
 There are 0 register/latch pins with constant_clock.


3. checking pulse_width_clock (0)
---------------------------------
 There are 0 register/latch pins which need pulse_width check


4. checking unconstrained_internal_endpoints (0)
------------------------------------------------
 There are 0 pins that are not constrained for maximum delay.

 There are 0 pins that are not constrained for maximum delay due to constant clock.


5. checking no_input_delay (4)
------------------------------
 There are 4 input ports with no input delay specified. (HIGH)

 There are 0 input ports with no input delay but user has a false path constraint.


6. checking no_output_delay (5)
-------------------------------
 There are 5 ports with no output delay specified. (HIGH)

 There are 0 ports with no output delay but user has a false path constraint

 There are 0 ports with no output delay but with a timing clock defined on it or propagating through it


7. checking multiple_clock (0)
------------------------------
 There are 0 register/latch pins with multiple clocks.


8. checking generated_clocks (0)
--------------------------------
 There are 0 generated clocks that are not connected to a clock source.


9. checking loops (0)
---------------------
 There are 0 combinational loops in the design.


10. checking partial_input_delay (0)
------------------------------------
 There are 0 input ports with partial input delay specified.


11. checking partial_output_delay (0)
-------------------------------------
 There are 0 ports with partial output delay specified.


12. checking latch_loops (0)
----------------------------
 There are 0 combinational latch loops in the design through latch input



------------------------------------------------------------------------------------------------
| Design Timing Summary
| ---------------------
------------------------------------------------------------------------------------------------

    WNS(ns)      TNS(ns)  TNS Failing Endpoints  TNS Total Endpoints      WHS(ns)      THS(ns)  THS Failing Endpoints  THS Total Endpoints     WPWS(ns)     TPWS(ns)  TPWS Failing Endpoints  TPWS Total Endpoints  
    -------      -------  ---------------------  -------------------      -------      -------  ---------------------  -------------------     --------     --------  ----------------------  --------------------  
     -1.638       -3.277                      2                 4123        0.003        0.000                      0                 4123        0.538        0.000                       0                  1323  


Timing constraints are not met.


------------------------------------------------------------------------------------------------
| Clock Summary
| -------------
------------------------------------------------------------------------------------------------

Clock                  Waveform(ns)         Period(ns)      Frequency(MHz)
-----                  ------------         ----------      --------------
gclk                   {0.000 4.000}        10.000          100.000         
  clk_pixel_clk_wiz_0  {0.000 6.734}        13.468          74.250          
  clk_tmds_clk_wiz_0   {0.000 1.347}        2.694           371.250         
  clkfbout_clk_wiz_0   {0.000 25.000}       50.000          20.000          


------------------------------------------------------------------------------------------------
| Intra Clock Table
| -----------------
------------------------------------------------------------------------------------------------

Clock                      WNS(ns)      TNS(ns)  TNS Failing Endpoints  TNS Total Endpoints      WHS(ns)      THS(ns)  THS Failing Endpoints  THS Total Endpoints     WPWS(ns)     TPWS(ns)  TPWS Failing Endpoints  TPWS Total Endpoints  
-----                      -------      -------  ---------------------  -------------------      -------      -------  ---------------------  -------------------     --------     --------  ----------------------  --------------------  
gclk                        -1.638       -3.277                      2                 2980        0.073        0.000                      0                 2980        2.000        0.000                       0                  1110  
  clk_pixel_clk_wiz_0        1.668        0.000                      0                 1143        0.003        0.000                      0                 1143        6.234        0.000                       0                   202  
  clk_tmds_clk_wiz_0                                                                                                                                                     0.538        0.000                       0                     8  
  clkfbout_clk_wiz_0                                                                                                                                                    47.845        0.000                       0                     3  


------------------------------------------------------------------------------------------------
| Inter Clock Table
| -----------------
------------------------------------------------------------------------------------------------

From Clock    To Clock          WNS(ns)      TNS(ns)  TNS Failing Endpoints  TNS Total Endpoints      WHS(ns)      THS(ns)  THS Failing Endpoints  THS Total Endpoints  
----------    --------          -------      -------  ---------------------  -------------------      -------      -------  ---------------------  -------------------  


------------------------------------------------------------------------------------------------
| Other Path Groups Table
| -----------------------
------------------------------------------------------------------------------------------------

Path Group    From Clock    To Clock          WNS(ns)      TNS(ns)  TNS Failing Endpoints  TNS Total Endpoints      WHS(ns)      THS(ns)  THS Failing Endpoints  THS Total Endpoints  
----------    ----------    --------          -------      -------  ---------------------  -------------------      -------      -------  ---------------------  -------------------  


------------------------------------------------------------------------------------------------
| Timing Details
| --------------
------------------------------------------------------------------------------------------------


---------------------------------------------------------------------------------------------------
From Clock:  gclk
  To Clock:  gclk

Setup :            2  Failing Endpoints,  Worst Slack       -1.638ns,  Total Violation       -3.277ns
Hold  :            0  Failing Endpoints,  Worst Slack        0.073ns,  Total Violation        0.000ns
PW    :            0  Failing Endpoints,  Worst Slack        2.000ns,  Total Violation        0.000ns
---------------------------------------------------------------------------------------------------


Max Delay Paths
--------------------------------------------------------------------------------------
Slack (VIOLATED) :        -1.638ns  (required time - arrival time)
  Source:                 lbm_state_machine/setupper/vert_reg[2]/C
                            (rising edge-triggered cell FDRE clocked by gclk  {rise@0.000ns fall@4.000ns period=10.000ns})
  Destination:            lbm_state_machine/setupper/data_out_reg[0][7]/D
                            (rising edge-triggered cell FDRE clocked by gclk  {rise@0.000ns fall@4.000ns period=10.000ns})
  Path Group:             gclk
  Path Type:              Setup (Max at Slow Process Corner)
  Requirement:            10.000ns  (gclk rise@10.000ns - gclk rise@0.000ns)
  Data Path Delay:        11.487ns  (logic 4.591ns (39.967%)  route 6.896ns (60.033%))
  Logic Levels:           15  (CARRY4=5 LUT2=1 LUT3=1 LUT4=2 LUT5=4 LUT6=2)
  Clock Path Skew:        -0.145ns (DCD - SCD + CPR)
    Destination Clock Delay (DCD):    2.660ns = ( 12.660 - 10.000 ) 
    Source Clock Delay      (SCD):    2.920ns
    Clock Pessimism Removal (CPR):    0.115ns
  Clock Uncertainty:      0.035ns  ((TSJ^2 + TIJ^2)^1/2 + DJ) / 2 + PE
    Total System Jitter     (TSJ):    0.071ns
    Total Input Jitter      (TIJ):    0.000ns
    Discrete Jitter          (DJ):    0.000ns
    Phase Error              (PE):    0.000ns

    Location             Delay type                Incr(ns)  Path(ns)    Netlist Resource(s)
  -------------------------------------------------------------------    -------------------
                         (clock gclk rise edge)       0.000     0.000 r  
    N15                                               0.000     0.000 r  clk_100mhz (IN)
                         net (fo=0)                   0.000     0.000    clk_100mhz
    N15                  IBUF (Prop_ibuf_I_O)         1.440     1.440 r  clk_100mhz_IBUF_inst/O
                         net (fo=1, unplaced)         0.800     2.240    clk_100mhz_IBUF
                         BUFG (Prop_bufg_I_O)         0.096     2.336 r  clk_buffer/O
                         net (fo=1109, unplaced)      0.584     2.920    lbm_state_machine/setupper/clk_buf
                         FDRE                                         r  lbm_state_machine/setupper/vert_reg[2]/C
  -------------------------------------------------------------------    -------------------
                         FDRE (Prop_fdre_C_Q)         0.456     3.376 r  lbm_state_machine/setupper/vert_reg[2]/Q
                         net (fo=29, unplaced)        0.875     4.251    lbm_state_machine/setupper/cb/Q[2]
                         LUT5 (Prop_lut5_I0_O)        0.295     4.546 r  lbm_state_machine/setupper/cb/in_barrier2__0_carry__0_i_14/O
                         net (fo=2, unplaced)         0.460     5.006    lbm_state_machine/setupper/cb/in_barrier2__0_carry__0_i_14_n_0
                         LUT5 (Prop_lut5_I0_O)        0.124     5.130 f  lbm_state_machine/setupper/cb/in_barrier2__0_carry__0_i_11/O
                         net (fo=15, unplaced)        0.955     6.085    lbm_state_machine/setupper/cb/in_barrier2__0_carry__0_i_11_n_0
                         LUT5 (Prop_lut5_I0_O)        0.124     6.209 r  lbm_state_machine/setupper/cb/in_barrier2__0_carry__0_i_3/O
                         net (fo=2, unplaced)         0.650     6.859    lbm_state_machine/setupper/cb/in_barrier2__0_carry__0_i_3_n_0
                         CARRY4 (Prop_carry4_DI[1]_O[2])
                                                      0.554     7.413 r  lbm_state_machine/setupper/cb/in_barrier2__0_carry__0/O[2]
                         net (fo=2, unplaced)         0.916     8.329    lbm_state_machine/setupper/cb/in_barrier2__0_carry__0_n_5
                         LUT3 (Prop_lut3_I0_O)        0.301     8.630 r  lbm_state_machine/setupper/cb/in_barrier2__71_carry__0_i_4/O
                         net (fo=2, unplaced)         0.460     9.090    lbm_state_machine/setupper/cb/in_barrier2__71_carry__0_i_4_n_0
                         LUT4 (Prop_lut4_I3_O)        0.124     9.214 r  lbm_state_machine/setupper/cb/in_barrier2__71_carry__0_i_8/O
                         net (fo=1, unplaced)         0.000     9.214    lbm_state_machine/setupper/cb/in_barrier2__71_carry__0_i_8_n_0
                         CARRY4 (Prop_carry4_S[0]_CO[3])
                                                      0.532     9.746 r  lbm_state_machine/setupper/cb/in_barrier2__71_carry__0/CO[3]
                         net (fo=1, unplaced)         0.000     9.746    lbm_state_machine/setupper/cb/in_barrier2__71_carry__0_n_0
                         CARRY4 (Prop_carry4_CI_O[1])
                                                      0.348    10.094 r  lbm_state_machine/setupper/cb/in_barrier2__71_carry__1/O[1]
                         net (fo=1, unplaced)         0.611    10.705    lbm_state_machine/setupper/cb/in_barrier2[13]
                         LUT2 (Prop_lut2_I1_O)        0.306    11.011 r  lbm_state_machine/setupper/cb/in_barrier1__1_carry__1_i_1/O
                         net (fo=1, unplaced)         0.000    11.011    lbm_state_machine/setupper/cb/in_barrier1__1_carry__1_i_1_n_0
                         CARRY4 (Prop_carry4_S[3]_CO[3])
                                                      0.401    11.412 r  lbm_state_machine/setupper/cb/in_barrier1__1_carry__1/CO[3]
                         net (fo=1, unplaced)         0.000    11.412    lbm_state_machine/setupper/cb/in_barrier1__1_carry__1_n_0
                         CARRY4 (Prop_carry4_CI_O[1])
                                                      0.348    11.760 f  lbm_state_machine/setupper/cb/in_barrier1__1_carry__2/O[1]
                         net (fo=1, unplaced)         0.611    12.371    lbm_state_machine/setupper/cb/in_barrier1[15]
                         LUT4 (Prop_lut4_I0_O)        0.306    12.677 r  lbm_state_machine/setupper/cb/data_out[8][3]_i_6/O
                         net (fo=1, unplaced)         0.449    13.126    lbm_state_machine/setupper/cb/data_out[8][3]_i_6_n_0
                         LUT6 (Prop_lut6_I3_O)        0.124    13.250 r  lbm_state_machine/setupper/cb/data_out[8][3]_i_3/O
                         net (fo=1, unplaced)         0.449    13.699    lbm_state_machine/setupper/cb/data_out[8][3]_i_3_n_0
                         LUT6 (Prop_lut6_I0_O)        0.124    13.823 f  lbm_state_machine/setupper/cb/data_out[8][3]_i_2/O
                         net (fo=2, unplaced)         0.460    14.283    lbm_state_machine/setupper/cb/data_out[8][3]_i_2_n_0
                         LUT5 (Prop_lut5_I0_O)        0.124    14.407 r  lbm_state_machine/setupper/cb/data_out[0][7]_i_1/O
                         net (fo=1, unplaced)         0.000    14.407    lbm_state_machine/setupper/cb_n_0
                         FDRE                                         r  lbm_state_machine/setupper/data_out_reg[0][7]/D
  -------------------------------------------------------------------    -------------------

                         (clock gclk rise edge)      10.000    10.000 r  
    N15                                               0.000    10.000 r  clk_100mhz (IN)
                         net (fo=0)                   0.000    10.000    clk_100mhz
    N15                  IBUF (Prop_ibuf_I_O)         1.370    11.370 r  clk_100mhz_IBUF_inst/O
                         net (fo=1, unplaced)         0.760    12.130    clk_100mhz_IBUF
                         BUFG (Prop_bufg_I_O)         0.091    12.221 r  clk_buffer/O
                         net (fo=1109, unplaced)      0.439    12.660    lbm_state_machine/setupper/clk_buf
                         FDRE                                         r  lbm_state_machine/setupper/data_out_reg[0][7]/C
                         clock pessimism              0.115    12.775    
                         clock uncertainty           -0.035    12.740    
                         FDRE (Setup_fdre_C_D)        0.029    12.769    lbm_state_machine/setupper/data_out_reg[0][7]
  -------------------------------------------------------------------
                         required time                         12.769    
                         arrival time                         -14.407    
  -------------------------------------------------------------------
                         slack                                 -1.638    





Min Delay Paths
--------------------------------------------------------------------------------------
Slack (MET) :             0.073ns  (arrival time - required time)
  Source:                 lbm_state_machine/streamer/hist/addr_pipe/pipe_reg[0][100]/C
                            (rising edge-triggered cell FDRE clocked by gclk  {rise@0.000ns fall@4.000ns period=10.000ns})
  Destination:            lbm_state_machine/streamer/hist/addr_pipe/pipe_reg[2][100]_srl2/D
                            (rising edge-triggered cell SRL16E clocked by gclk  {rise@0.000ns fall@4.000ns period=10.000ns})
  Path Group:             gclk
  Path Type:              Hold (Min at Fast Process Corner)
  Requirement:            0.000ns  (gclk rise@0.000ns - gclk rise@0.000ns)
  Data Path Delay:        0.282ns  (logic 0.141ns (50.038%)  route 0.141ns (49.962%))
  Logic Levels:           0  
  Clock Path Skew:        0.145ns (DCD - SCD - CPR)
    Destination Clock Delay (DCD):    1.039ns
    Source Clock Delay      (SCD):    0.686ns
    Clock Pessimism Removal (CPR):    0.208ns

    Location             Delay type                Incr(ns)  Path(ns)    Netlist Resource(s)
  -------------------------------------------------------------------    -------------------
                         (clock gclk rise edge)       0.000     0.000 r  
    N15                                               0.000     0.000 r  clk_100mhz (IN)
                         net (fo=0)                   0.000     0.000    clk_100mhz
    N15                  IBUF (Prop_ibuf_I_O)         0.209     0.209 r  clk_100mhz_IBUF_inst/O
                         net (fo=1, unplaced)         0.337     0.546    clk_100mhz_IBUF
                         BUFG (Prop_bufg_I_O)         0.026     0.572 r  clk_buffer/O
                         net (fo=1109, unplaced)      0.114     0.686    lbm_state_machine/streamer/hist/addr_pipe/clk_buf
                         FDRE                                         r  lbm_state_machine/streamer/hist/addr_pipe/pipe_reg[0][100]/C
  -------------------------------------------------------------------    -------------------
                         FDRE (Prop_fdre_C_Q)         0.141     0.827 r  lbm_state_machine/streamer/hist/addr_pipe/pipe_reg[0][100]/Q
                         net (fo=1, unplaced)         0.141     0.967    lbm_state_machine/streamer/hist/addr_pipe/pipe_reg_n_0_[0][100]
                         SRL16E                                       r  lbm_state_machine/streamer/hist/addr_pipe/pipe_reg[2][100]_srl2/D
  -------------------------------------------------------------------    -------------------

                         (clock gclk rise edge)       0.000     0.000 r  
    N15                                               0.000     0.000 r  clk_100mhz (IN)
                         net (fo=0)                   0.000     0.000    clk_100mhz
    N15                  IBUF (Prop_ibuf_I_O)         0.396     0.396 r  clk_100mhz_IBUF_inst/O
                         net (fo=1, unplaced)         0.355     0.751    clk_100mhz_IBUF
                         BUFG (Prop_bufg_I_O)         0.029     0.780 r  clk_buffer/O
                         net (fo=1109, unplaced)      0.259     1.039    lbm_state_machine/streamer/hist/addr_pipe/clk_buf
                         SRL16E                                       r  lbm_state_machine/streamer/hist/addr_pipe/pipe_reg[2][100]_srl2/CLK
                         clock pessimism             -0.208     0.831    
                         SRL16E (Hold_srl16e_CLK_D)
                                                      0.064     0.895    lbm_state_machine/streamer/hist/addr_pipe/pipe_reg[2][100]_srl2
  -------------------------------------------------------------------
                         required time                         -0.895    
                         arrival time                           0.967    
  -------------------------------------------------------------------
                         slack                                  0.073    





Pulse Width Checks
--------------------------------------------------------------------------------------
Clock Name:         gclk
Waveform(ns):       { 0.000 4.000 }
Period(ns):         10.000
Sources:            { clk_100mhz }

Check Type        Corner  Lib Pin             Reference Pin  Required(ns)  Actual(ns)  Slack(ns)  Location  Pin
Min Period        n/a     RAMB36E1/CLKARDCLK  n/a            2.576         10.000      7.424                genblk1[0].lattice_ram/U0/inst_blk_mem_gen/gnbram.gnativebmg.native_blk_mem_gen/valid.cstr/ramloop[0].ram.r/prim_noinit.ram/DEVICE_7SERIES.NO_BMM_INFO.TRUE_DP.SIMPLE_PRIM36.ram/CLKARDCLK
Max Period        n/a     MMCME2_ADV/CLKIN1   n/a            100.000       10.000      90.000               mhdmicw/mmcm_adv_inst/CLKIN1
Low Pulse Width   Slow    MMCME2_ADV/CLKIN1   n/a            2.000         6.000       4.000                mhdmicw/mmcm_adv_inst/CLKIN1
High Pulse Width  Slow    MMCME2_ADV/CLKIN1   n/a            2.000         4.000       2.000                mhdmicw/mmcm_adv_inst/CLKIN1



---------------------------------------------------------------------------------------------------
From Clock:  clk_pixel_clk_wiz_0
  To Clock:  clk_pixel_clk_wiz_0

Setup :            0  Failing Endpoints,  Worst Slack        1.668ns,  Total Violation        0.000ns
Hold  :            0  Failing Endpoints,  Worst Slack        0.003ns,  Total Violation        0.000ns
PW    :            0  Failing Endpoints,  Worst Slack        6.234ns,  Total Violation        0.000ns
---------------------------------------------------------------------------------------------------


Max Delay Paths
--------------------------------------------------------------------------------------
Slack (MET) :             1.668ns  (required time - arrival time)
  Source:                 genblk1[1].lattice_ram/U0/inst_blk_mem_gen/gnbram.gnativebmg.native_blk_mem_gen/valid.cstr/ramloop[4].ram.r/prim_noinit.ram/DEVICE_7SERIES.NO_BMM_INFO.TRUE_DP.SIMPLE_PRIM36.ram/CLKBWRCLK
                            (rising edge-triggered cell RAMB36E1 clocked by clk_pixel_clk_wiz_0  {rise@0.000ns fall@6.734ns period=13.468ns})
  Destination:            tmds_red/tally_reg[4]/D
                            (rising edge-triggered cell FDRE clocked by clk_pixel_clk_wiz_0  {rise@0.000ns fall@6.734ns period=13.468ns})
  Path Group:             clk_pixel_clk_wiz_0
  Path Type:              Setup (Max at Slow Process Corner)
  Requirement:            13.468ns  (clk_pixel_clk_wiz_0 rise@13.468ns - clk_pixel_clk_wiz_0 rise@0.000ns)
  Data Path Delay:        11.516ns  (logic 4.440ns (38.556%)  route 7.076ns (61.444%))
  Logic Levels:           13  (CARRY4=3 LUT3=2 LUT4=2 LUT6=5 MUXF7=1)
  Clock Path Skew:        -0.145ns (DCD - SCD + CPR)
    Destination Clock Delay (DCD):    2.876ns = ( 16.344 - 13.468 ) 
    Source Clock Delay      (SCD):    3.136ns
    Clock Pessimism Removal (CPR):    0.115ns
  Clock Uncertainty:      0.168ns  ((TSJ^2 + DJ^2)^1/2) / 2 + PE
    Total System Jitter     (TSJ):    0.071ns
    Discrete Jitter          (DJ):    0.329ns
    Phase Error              (PE):    0.000ns

    Location             Delay type                Incr(ns)  Path(ns)    Netlist Resource(s)
  -------------------------------------------------------------------    -------------------
                         (clock clk_pixel_clk_wiz_0 rise edge)
                                                      0.000     0.000 r  
    N15                                               0.000     0.000 r  clk_100mhz (IN)
                         net (fo=0)                   0.000     0.000    clk_100mhz
    N15                  IBUF (Prop_ibuf_I_O)         1.440     1.440 r  clk_100mhz_IBUF_inst/O
                         net (fo=1, unplaced)         0.800     2.240    clk_100mhz_IBUF
                         BUFG (Prop_bufg_I_O)         0.096     2.336 r  clk_buffer/O
                         net (fo=1109, unplaced)      0.584     2.920    mhdmicw/clk_ref
                         MMCME2_ADV (Prop_mmcme2_adv_CLKIN1_CLKOUT0)
                                                     -1.480     1.440 r  mhdmicw/mmcm_adv_inst/CLKOUT0
                         net (fo=1, unplaced)         0.800     2.240    mhdmicw/clk_pixel_clk_wiz_0
                         BUFG (Prop_bufg_I_O)         0.096     2.336 r  mhdmicw/clkout1_buf/O
                         net (fo=201, unplaced)       0.800     3.136    genblk1[1].lattice_ram/U0/inst_blk_mem_gen/gnbram.gnativebmg.native_blk_mem_gen/valid.cstr/ramloop[4].ram.r/prim_noinit.ram/clkb
                         RAMB36E1                                     r  genblk1[1].lattice_ram/U0/inst_blk_mem_gen/gnbram.gnativebmg.native_blk_mem_gen/valid.cstr/ramloop[4].ram.r/prim_noinit.ram/DEVICE_7SERIES.NO_BMM_INFO.TRUE_DP.SIMPLE_PRIM36.ram/CLKBWRCLK
  -------------------------------------------------------------------    -------------------
                         RAMB36E1 (Prop_ramb36e1_CLKBWRCLK_DOBDO[3])
                                                      0.882     4.018 r  genblk1[1].lattice_ram/U0/inst_blk_mem_gen/gnbram.gnativebmg.native_blk_mem_gen/valid.cstr/ramloop[4].ram.r/prim_noinit.ram/DEVICE_7SERIES.NO_BMM_INFO.TRUE_DP.SIMPLE_PRIM36.ram/DOBDO[3]
                         net (fo=1, unplaced)         0.800     4.817    genblk1[1].lattice_ram/U0/inst_blk_mem_gen/gnbram.gnativebmg.native_blk_mem_gen/valid.cstr/has_mux_b.B/doutb_array[35]
                         LUT6 (Prop_lut6_I5_O)        0.124     4.941 r  genblk1[1].lattice_ram/U0/inst_blk_mem_gen/gnbram.gnativebmg.native_blk_mem_gen/valid.cstr/has_mux_b.B/doutb[3]_INST_0_i_2/O
                         net (fo=1, unplaced)         0.000     4.941    genblk1[1].lattice_ram/U0/inst_blk_mem_gen/gnbram.gnativebmg.native_blk_mem_gen/valid.cstr/has_mux_b.B/doutb[3]_INST_0_i_2_n_0
                         MUXF7 (Prop_muxf7_I1_O)      0.245     5.186 r  genblk1[1].lattice_ram/U0/inst_blk_mem_gen/gnbram.gnativebmg.native_blk_mem_gen/valid.cstr/has_mux_b.B/doutb[3]_INST_0/O
                         net (fo=2, unplaced)         0.916     6.102    pixels/red_out0__52_carry__0_0[3]
                         LUT3 (Prop_lut3_I0_O)        0.323     6.425 r  pixels/red_out0__52_carry__0_i_4/O
                         net (fo=2, unplaced)         0.643     7.068    pixels/red_out0__52_carry__0_i_4_n_0
                         LUT4 (Prop_lut4_I3_O)        0.332     7.400 r  pixels/red_out0__52_carry__0_i_8/O
                         net (fo=1, unplaced)         0.000     7.400    pixels/red_out0__52_carry__0_i_8_n_0
                         CARRY4 (Prop_carry4_S[0]_O[2])
                                                      0.547     7.947 r  pixels/red_out0__52_carry__0/O[2]
                         net (fo=2, unplaced)         0.916     8.863    pixels/red_out0__52_carry__0_n_5
                         LUT3 (Prop_lut3_I0_O)        0.330     9.193 r  pixels/red_out0__78_carry__0_i_1/O
                         net (fo=2, unplaced)         0.500     9.693    pixels/red_out0__78_carry__0_i_1_n_0
                         LUT4 (Prop_lut4_I3_O)        0.327    10.020 r  pixels/red_out0__78_carry__0_i_5/O
                         net (fo=1, unplaced)         0.000    10.020    pixels/red_out0__78_carry__0_i_5_n_0
                         CARRY4 (Prop_carry4_S[3]_CO[3])
                                                      0.401    10.421 r  pixels/red_out0__78_carry__0/CO[3]
                         net (fo=1, unplaced)         0.000    10.421    pixels/red_out0__78_carry__0_n_0
                         CARRY4 (Prop_carry4_CI_O[2])
                                                      0.256    10.677 f  pixels/red_out0__78_carry__1/O[2]
                         net (fo=13, unplaced)        0.955    11.632    pixels/total_density[10]
                         LUT6 (Prop_lut6_I3_O)        0.301    11.933 r  pixels/tally[1]_i_2/O
                         net (fo=21, unplaced)        0.963    12.896    tmds_red/tally[4]_i_4_0
                         LUT6 (Prop_lut6_I2_O)        0.124    13.020 r  tmds_red/tally[4]_i_18/O
                         net (fo=1, unplaced)         0.964    13.984    pixels/tally_reg[4]_1
                         LUT6 (Prop_lut6_I0_O)        0.124    14.108 r  pixels/tally[4]_i_6/O
                         net (fo=1, unplaced)         0.419    14.527    pixels/tally[4]_i_6_n_0
                         LUT6 (Prop_lut6_I3_O)        0.124    14.651 r  pixels/tally[4]_i_2/O
                         net (fo=1, unplaced)         0.000    14.651    tmds_red/D[3]
                         FDRE                                         r  tmds_red/tally_reg[4]/D
  -------------------------------------------------------------------    -------------------

                         (clock clk_pixel_clk_wiz_0 rise edge)
                                                     13.468    13.468 r  
    N15                                               0.000    13.468 r  clk_100mhz (IN)
                         net (fo=0)                   0.000    13.468    clk_100mhz
    N15                  IBUF (Prop_ibuf_I_O)         1.370    14.838 r  clk_100mhz_IBUF_inst/O
                         net (fo=1, unplaced)         0.760    15.598    clk_100mhz_IBUF
                         BUFG (Prop_bufg_I_O)         0.091    15.689 r  clk_buffer/O
                         net (fo=1109, unplaced)      0.439    16.128    mhdmicw/clk_ref
                         MMCME2_ADV (Prop_mmcme2_adv_CLKIN1_CLKOUT0)
                                                     -1.290    14.838 r  mhdmicw/mmcm_adv_inst/CLKOUT0
                         net (fo=1, unplaced)         0.760    15.598    mhdmicw/clk_pixel_clk_wiz_0
                         BUFG (Prop_bufg_I_O)         0.091    15.689 r  mhdmicw/clkout1_buf/O
                         net (fo=201, unplaced)       0.655    16.344    tmds_red/clk_pixel
                         FDRE                                         r  tmds_red/tally_reg[4]/C
                         clock pessimism              0.115    16.459    
                         clock uncertainty           -0.168    16.291    
                         FDRE (Setup_fdre_C_D)        0.029    16.320    tmds_red/tally_reg[4]
  -------------------------------------------------------------------
                         required time                         16.320    
                         arrival time                         -14.651    
  -------------------------------------------------------------------
                         slack                                  1.668    





Min Delay Paths
--------------------------------------------------------------------------------------
Slack (MET) :             0.003ns  (arrival time - required time)
  Source:                 red_ser/pwup_rst_reg/C
                            (rising edge-triggered cell FDRE clocked by clk_pixel_clk_wiz_0  {rise@0.000ns fall@6.734ns period=13.468ns})
  Destination:            blue_ser/primary/RST
                            (rising edge-triggered cell OSERDESE2 clocked by clk_pixel_clk_wiz_0  {rise@0.000ns fall@6.734ns period=13.468ns})
  Path Group:             clk_pixel_clk_wiz_0
  Path Type:              Hold (Min at Fast Process Corner)
  Requirement:            0.000ns  (clk_pixel_clk_wiz_0 rise@0.000ns - clk_pixel_clk_wiz_0 rise@0.000ns)
  Data Path Delay:        0.707ns  (logic 0.239ns (33.796%)  route 0.468ns (66.204%))
  Logic Levels:           1  (LUT2=1)
  Clock Path Skew:        0.145ns (DCD - SCD - CPR)
    Destination Clock Delay (DCD):    1.135ns
    Source Clock Delay      (SCD):    0.782ns
    Clock Pessimism Removal (CPR):    0.208ns

    Location             Delay type                Incr(ns)  Path(ns)    Netlist Resource(s)
  -------------------------------------------------------------------    -------------------
                         (clock clk_pixel_clk_wiz_0 rise edge)
                                                      0.000     0.000 r  
    N15                                               0.000     0.000 r  clk_100mhz (IN)
                         net (fo=0)                   0.000     0.000    clk_100mhz
    N15                  IBUF (Prop_ibuf_I_O)         0.209     0.209 r  clk_100mhz_IBUF_inst/O
                         net (fo=1, unplaced)         0.337     0.546    clk_100mhz_IBUF
                         BUFG (Prop_bufg_I_O)         0.026     0.572 r  clk_buffer/O
                         net (fo=1109, unplaced)      0.114     0.686    mhdmicw/clk_ref
                         MMCME2_ADV (Prop_mmcme2_adv_CLKIN1_CLKOUT0)
                                                     -0.477     0.209 r  mhdmicw/mmcm_adv_inst/CLKOUT0
                         net (fo=1, unplaced)         0.337     0.546    mhdmicw/clk_pixel_clk_wiz_0
                         BUFG (Prop_bufg_I_O)         0.026     0.572 r  mhdmicw/clkout1_buf/O
                         net (fo=201, unplaced)       0.210     0.782    red_ser/clk_pixel
                         FDRE                                         r  red_ser/pwup_rst_reg/C
  -------------------------------------------------------------------    -------------------
                         FDRE (Prop_fdre_C_Q)         0.141     0.923 r  red_ser/pwup_rst_reg/Q
                         net (fo=1, unplaced)         0.131     1.054    red_ser/blue_ser/pwup_rst
                         LUT2 (Prop_lut2_I1_O)        0.098     1.152 r  red_ser/primary_i_1/O
                         net (fo=6, unplaced)         0.337     1.489    blue_ser/RST0
    OLOGIC_X0Y20         OSERDESE2                                    r  blue_ser/primary/RST
  -------------------------------------------------------------------    -------------------

                         (clock clk_pixel_clk_wiz_0 rise edge)
                                                      0.000     0.000 r  
    N15                                               0.000     0.000 r  clk_100mhz (IN)
                         net (fo=0)                   0.000     0.000    clk_100mhz
    N15                  IBUF (Prop_ibuf_I_O)         0.396     0.396 r  clk_100mhz_IBUF_inst/O
                         net (fo=1, unplaced)         0.355     0.751    clk_100mhz_IBUF
                         BUFG (Prop_bufg_I_O)         0.029     0.780 r  clk_buffer/O
                         net (fo=1109, unplaced)      0.259     1.039    mhdmicw/clk_ref
                         MMCME2_ADV (Prop_mmcme2_adv_CLKIN1_CLKOUT0)
                                                     -0.643     0.396 r  mhdmicw/mmcm_adv_inst/CLKOUT0
                         net (fo=1, unplaced)         0.355     0.751    mhdmicw/clk_pixel_clk_wiz_0
                         BUFG (Prop_bufg_I_O)         0.029     0.780 r  mhdmicw/clkout1_buf/O
                         net (fo=201, unplaced)       0.355     1.135    blue_ser/clk_pixel
    OLOGIC_X0Y20         OSERDESE2                                    r  blue_ser/primary/CLKDIV
                         clock pessimism             -0.208     0.927    
    OLOGIC_X0Y20         OSERDESE2 (Hold_oserdese2_CLKDIV_RST)
                                                      0.559     1.486    blue_ser/primary
  -------------------------------------------------------------------
                         required time                         -1.486    
                         arrival time                           1.489    
  -------------------------------------------------------------------
                         slack                                  0.003    





Pulse Width Checks
--------------------------------------------------------------------------------------
Clock Name:         clk_pixel_clk_wiz_0
Waveform(ns):       { 0.000 6.734 }
Period(ns):         13.468
Sources:            { mhdmicw/mmcm_adv_inst/CLKOUT0 }

Check Type        Corner  Lib Pin             Reference Pin  Required(ns)  Actual(ns)  Slack(ns)  Location  Pin
Min Period        n/a     RAMB36E1/CLKBWRCLK  n/a            2.576         13.468      10.892               genblk1[0].lattice_ram/U0/inst_blk_mem_gen/gnbram.gnativebmg.native_blk_mem_gen/valid.cstr/ramloop[0].ram.r/prim_noinit.ram/DEVICE_7SERIES.NO_BMM_INFO.TRUE_DP.SIMPLE_PRIM36.ram/CLKBWRCLK
Max Period        n/a     MMCME2_ADV/CLKOUT0  n/a            213.360       13.468      199.892              mhdmicw/mmcm_adv_inst/CLKOUT0
Low Pulse Width   Slow    FDRE/C              n/a            0.500         6.734       6.234                active_draw_pipe_reg[0]/C
High Pulse Width  Slow    FDRE/C              n/a            0.500         6.734       6.234                active_draw_pipe_reg[0]/C



---------------------------------------------------------------------------------------------------
From Clock:  clk_tmds_clk_wiz_0
  To Clock:  clk_tmds_clk_wiz_0

Setup :           NA  Failing Endpoints,  Worst Slack           NA  ,  Total Violation           NA
Hold  :           NA  Failing Endpoints,  Worst Slack           NA  ,  Total Violation           NA
PW    :            0  Failing Endpoints,  Worst Slack        0.538ns,  Total Violation        0.000ns
---------------------------------------------------------------------------------------------------


Pulse Width Checks
--------------------------------------------------------------------------------------
Clock Name:         clk_tmds_clk_wiz_0
Waveform(ns):       { 0.000 1.347 }
Period(ns):         2.694
Sources:            { mhdmicw/mmcm_adv_inst/CLKOUT1 }

Check Type  Corner  Lib Pin             Reference Pin  Required(ns)  Actual(ns)  Slack(ns)  Location  Pin
Min Period  n/a     BUFG/I              n/a            2.155         2.694       0.538                mhdmicw/clkout2_buf/I
Max Period  n/a     MMCME2_ADV/CLKOUT1  n/a            213.360       2.694       210.666              mhdmicw/mmcm_adv_inst/CLKOUT1



---------------------------------------------------------------------------------------------------
From Clock:  clkfbout_clk_wiz_0
  To Clock:  clkfbout_clk_wiz_0

Setup :           NA  Failing Endpoints,  Worst Slack           NA  ,  Total Violation           NA
Hold  :           NA  Failing Endpoints,  Worst Slack           NA  ,  Total Violation           NA
PW    :            0  Failing Endpoints,  Worst Slack       47.845ns,  Total Violation        0.000ns
---------------------------------------------------------------------------------------------------


Pulse Width Checks
--------------------------------------------------------------------------------------
Clock Name:         clkfbout_clk_wiz_0
Waveform(ns):       { 0.000 25.000 }
Period(ns):         50.000
Sources:            { mhdmicw/mmcm_adv_inst/CLKFBOUT }

Check Type  Corner  Lib Pin             Reference Pin  Required(ns)  Actual(ns)  Slack(ns)  Location  Pin
Min Period  n/a     BUFG/I              n/a            2.155         50.000      47.845               mhdmicw/clkf_buf/I
Max Period  n/a     MMCME2_ADV/CLKFBIN  n/a            100.000       50.000      50.000               mhdmicw/mmcm_adv_inst/CLKFBIN



