Copyright 1986-2022 Xilinx, Inc. All Rights Reserved. Copyright 2022-2024 Advanced Micro Devices, Inc. All Rights Reserved.
---------------------------------------------------------------------------------------------------------------------------------------------
| Tool Version : Vivado v.2024.1 (lin64) Build 5076996 Wed May 22 18:36:09 MDT 2024
| Date         : Wed Dec 11 13:48:19 2024
| Host         : eecs-digital-19 running 64-bit Ubuntu 24.04.1 LTS
| Command      : report_timing -file obj/post_synth_timing.rpt
| Design       : top_level
| Device       : 7s50-csga324
| Speed File   : -1  PRODUCTION 1.23 2018-06-13
| Design State : Synthesized
---------------------------------------------------------------------------------------------------------------------------------------------

Timing Report

Slack (MET) :             0.104ns  (required time - arrival time)
  Source:                 genblk1[1].lattice_ram/U0/inst_blk_mem_gen/gnbram.gnativebmg.native_blk_mem_gen/valid.cstr/ramloop[4].ram.r/prim_noinit.ram/DEVICE_7SERIES.NO_BMM_INFO.TRUE_DP.SIMPLE_PRIM36.ram/CLKBWRCLK
                            (rising edge-triggered cell RAMB36E1 clocked by clk_pixel_clk_wiz_0  {rise@0.000ns fall@6.734ns period=13.468ns})
  Destination:            tmds_blue/tally_reg[3]/D
                            (rising edge-triggered cell FDRE clocked by clk_pixel_clk_wiz_0  {rise@0.000ns fall@6.734ns period=13.468ns})
  Path Group:             clk_pixel_clk_wiz_0
  Path Type:              Setup (Max at Slow Process Corner)
  Requirement:            13.468ns  (clk_pixel_clk_wiz_0 rise@13.468ns - clk_pixel_clk_wiz_0 rise@0.000ns)
  Data Path Delay:        13.080ns  (logic 4.682ns (35.796%)  route 8.398ns (64.204%))
  Logic Levels:           15  (CARRY4=3 LUT2=1 LUT3=2 LUT4=3 LUT6=5 MUXF7=1)
  Clock Path Skew:        -0.145ns (DCD - SCD + CPR)
    Destination Clock Delay (DCD):    2.876ns = ( 16.344 - 13.468 ) 
    Source Clock Delay      (SCD):    3.136ns
    Clock Pessimism Removal (CPR):    0.115ns
  Clock Uncertainty:      0.168ns  ((TSJ^2 + DJ^2)^1/2) / 2 + PE
    Total System Jitter     (TSJ):    0.071ns
    Discrete Jitter          (DJ):    0.329ns
    Phase Error              (PE):    0.000ns

    Location             Delay type                Incr(ns)  Path(ns)    Netlist Resource(s)
  -------------------------------------------------------------------    -------------------
                         (clock clk_pixel_clk_wiz_0 rise edge)
                                                      0.000     0.000 r  
    N15                                               0.000     0.000 r  clk_100mhz (IN)
                         net (fo=0)                   0.000     0.000    clk_100mhz
    N15                  IBUF (Prop_ibuf_I_O)         1.440     1.440 r  clk_100mhz_IBUF_inst/O
                         net (fo=1, unplaced)         0.800     2.240    clk_100mhz_IBUF
                         BUFG (Prop_bufg_I_O)         0.096     2.336 r  clk_buffer/O
                         net (fo=2131, unplaced)      0.584     2.920    mhdmicw/clk_ref
                         MMCME2_ADV (Prop_mmcme2_adv_CLKIN1_CLKOUT0)
                                                     -1.480     1.440 r  mhdmicw/mmcm_adv_inst/CLKOUT0
                         net (fo=1, unplaced)         0.800     2.240    mhdmicw/clk_pixel_clk_wiz_0
                         BUFG (Prop_bufg_I_O)         0.096     2.336 r  mhdmicw/clkout1_buf/O
                         net (fo=201, unplaced)       0.800     3.136    genblk1[1].lattice_ram/U0/inst_blk_mem_gen/gnbram.gnativebmg.native_blk_mem_gen/valid.cstr/ramloop[4].ram.r/prim_noinit.ram/clkb
                         RAMB36E1                                     r  genblk1[1].lattice_ram/U0/inst_blk_mem_gen/gnbram.gnativebmg.native_blk_mem_gen/valid.cstr/ramloop[4].ram.r/prim_noinit.ram/DEVICE_7SERIES.NO_BMM_INFO.TRUE_DP.SIMPLE_PRIM36.ram/CLKBWRCLK
  -------------------------------------------------------------------    -------------------
                         RAMB36E1 (Prop_ramb36e1_CLKBWRCLK_DOBDO[3])
                                                      0.882     4.018 r  genblk1[1].lattice_ram/U0/inst_blk_mem_gen/gnbram.gnativebmg.native_blk_mem_gen/valid.cstr/ramloop[4].ram.r/prim_noinit.ram/DEVICE_7SERIES.NO_BMM_INFO.TRUE_DP.SIMPLE_PRIM36.ram/DOBDO[3]
                         net (fo=1, unplaced)         0.800     4.817    genblk1[1].lattice_ram/U0/inst_blk_mem_gen/gnbram.gnativebmg.native_blk_mem_gen/valid.cstr/has_mux_b.B/doutb_array[35]
                         LUT6 (Prop_lut6_I5_O)        0.124     4.941 r  genblk1[1].lattice_ram/U0/inst_blk_mem_gen/gnbram.gnativebmg.native_blk_mem_gen/valid.cstr/has_mux_b.B/doutb[3]_INST_0_i_2/O
                         net (fo=1, unplaced)         0.000     4.941    genblk1[1].lattice_ram/U0/inst_blk_mem_gen/gnbram.gnativebmg.native_blk_mem_gen/valid.cstr/has_mux_b.B/doutb[3]_INST_0_i_2_n_0
                         MUXF7 (Prop_muxf7_I1_O)      0.245     5.186 r  genblk1[1].lattice_ram/U0/inst_blk_mem_gen/gnbram.gnativebmg.native_blk_mem_gen/valid.cstr/has_mux_b.B/doutb[3]_INST_0/O
                         net (fo=2, unplaced)         0.916     6.102    pixels/red_out3__52_carry__0_0[3]
                         LUT3 (Prop_lut3_I0_O)        0.323     6.425 r  pixels/red_out3__52_carry__0_i_4/O
                         net (fo=2, unplaced)         0.643     7.068    pixels/red_out3__52_carry__0_i_4_n_0
                         LUT4 (Prop_lut4_I3_O)        0.332     7.400 r  pixels/red_out3__52_carry__0_i_8/O
                         net (fo=1, unplaced)         0.000     7.400    pixels/red_out3__52_carry__0_i_8_n_0
                         CARRY4 (Prop_carry4_S[0]_O[2])
                                                      0.547     7.947 r  pixels/red_out3__52_carry__0/O[2]
                         net (fo=2, unplaced)         0.916     8.863    pixels/red_out3__52_carry__0_n_5
                         LUT3 (Prop_lut3_I0_O)        0.330     9.193 r  pixels/red_out3__78_carry__0_i_1/O
                         net (fo=2, unplaced)         0.500     9.693    pixels/red_out3__78_carry__0_i_1_n_0
                         LUT4 (Prop_lut4_I3_O)        0.327    10.020 r  pixels/red_out3__78_carry__0_i_5/O
                         net (fo=1, unplaced)         0.000    10.020    pixels/red_out3__78_carry__0_i_5_n_0
                         CARRY4 (Prop_carry4_S[3]_CO[3])
                                                      0.401    10.421 r  pixels/red_out3__78_carry__0/CO[3]
                         net (fo=1, unplaced)         0.000    10.421    pixels/red_out3__78_carry__0_n_0
                         CARRY4 (Prop_carry4_CI_O[2])
                                                      0.256    10.677 f  pixels/red_out3__78_carry__1/O[2]
                         net (fo=14, unplaced)        0.503    11.180    pixels/total_density[10]
                         LUT4 (Prop_lut4_I1_O)        0.301    11.481 r  pixels/tmds_out[5]_i_6/O
                         net (fo=1, unplaced)         0.902    12.383    mvg/tmds_out_reg[3]
                         LUT6 (Prop_lut6_I2_O)        0.124    12.507 r  mvg/tmds_out[5]_i_2__1/O
                         net (fo=50, unplaced)        0.531    13.038    mvg/vcount_out_reg[9]_2
                         LUT2 (Prop_lut2_I0_O)        0.118    13.156 r  mvg/tmds_out[0]_i_2/O
                         net (fo=7, unplaced)         1.146    14.302    pixels/tmds_out_reg[1]
                         LUT6 (Prop_lut6_I0_O)        0.124    14.426 r  pixels/tally[4]_i_21/O
                         net (fo=2, unplaced)         1.122    15.548    pixels/tally[4]_i_21_n_0
                         LUT6 (Prop_lut6_I0_O)        0.124    15.672 r  pixels/tally[3]_i_4/O
                         net (fo=1, unplaced)         0.419    16.091    pixels/tally[3]_i_4_n_0
                         LUT6 (Prop_lut6_I3_O)        0.124    16.215 r  pixels/tally[3]_i_1/O
                         net (fo=1, unplaced)         0.000    16.215    tmds_blue/D[2]
                         FDRE                                         r  tmds_blue/tally_reg[3]/D
  -------------------------------------------------------------------    -------------------

                         (clock clk_pixel_clk_wiz_0 rise edge)
                                                     13.468    13.468 r  
    N15                                               0.000    13.468 r  clk_100mhz (IN)
                         net (fo=0)                   0.000    13.468    clk_100mhz
    N15                  IBUF (Prop_ibuf_I_O)         1.370    14.838 r  clk_100mhz_IBUF_inst/O
                         net (fo=1, unplaced)         0.760    15.598    clk_100mhz_IBUF
                         BUFG (Prop_bufg_I_O)         0.091    15.689 r  clk_buffer/O
                         net (fo=2131, unplaced)      0.439    16.128    mhdmicw/clk_ref
                         MMCME2_ADV (Prop_mmcme2_adv_CLKIN1_CLKOUT0)
                                                     -1.290    14.838 r  mhdmicw/mmcm_adv_inst/CLKOUT0
                         net (fo=1, unplaced)         0.760    15.598    mhdmicw/clk_pixel_clk_wiz_0
                         BUFG (Prop_bufg_I_O)         0.091    15.689 r  mhdmicw/clkout1_buf/O
                         net (fo=201, unplaced)       0.655    16.344    tmds_blue/clk_pixel
                         FDRE                                         r  tmds_blue/tally_reg[3]/C
                         clock pessimism              0.115    16.459    
                         clock uncertainty           -0.168    16.291    
                         FDRE (Setup_fdre_C_D)        0.029    16.320    tmds_blue/tally_reg[3]
  -------------------------------------------------------------------
                         required time                         16.320    
                         arrival time                         -16.215    
  -------------------------------------------------------------------
                         slack                                  0.104    




