#! /c/Source/iverilog-install/bin/vvp
:ivl_version "12.0 (devel)" "(s20150603-1539-g2693dd32b)";
:ivl_delay_selection "TYPICAL";
:vpi_time_precision + 0;
:vpi_module "C:\Users\katri\iverilog\lib\ivl\system.vpi";
:vpi_module "C:\Users\katri\iverilog\lib\ivl\vhdl_sys.vpi";
:vpi_module "C:\Users\katri\iverilog\lib\ivl\vhdl_textio.vpi";
:vpi_module "C:\Users\katri\iverilog\lib\ivl\v2005_math.vpi";
:vpi_module "C:\Users\katri\iverilog\lib\ivl\va_math.vpi";
:vpi_module "C:\Users\katri\iverilog\lib\ivl\v2009.vpi";
S_0000020fa4172940 .scope package, "$unit" "$unit" 2 1;
 .timescale 0 0;
S_0000020fa4172ad0 .scope module, "divide" "divide" 3 3;
 .timescale 0 0;
    .port_info 0 /INPUT 1 "clk_in";
    .port_info 1 /INPUT 1 "rst_in";
    .port_info 2 /INPUT 4 "dividend";
    .port_info 3 /INPUT 4 "divisor";
    .port_info 4 /INPUT 1 "start";
    .port_info 5 /OUTPUT 4 "quotient";
    .port_info 6 /OUTPUT 4 "remainder";
    .port_info 7 /OUTPUT 1 "busy";
    .port_info 8 /OUTPUT 1 "done";
    .port_info 9 /OUTPUT 1 "valid";
    .port_info 10 /OUTPUT 1 "dbz";
v0000020fa4172e90_0 .var "buffer", 4 0;
v0000020fa41a4760_0 .var "buffer_next", 4 0;
v0000020fa41f8030_0 .var "busy", 0 0;
o0000020fa41ad028 .functor BUFZ 1, C4<z>; HiZ drive
v0000020fa41f80d0_0 .net "clk_in", 0 0, o0000020fa41ad028;  0 drivers
v0000020fa41f8170_0 .var "counter", 4 0;
v0000020fa41f8210_0 .var "dbz", 0 0;
o0000020fa41ad0b8 .functor BUFZ 4, C4<zzzz>; HiZ drive
v0000020fa41f82b0_0 .net "dividend", 3 0, o0000020fa41ad0b8;  0 drivers
o0000020fa41ad0e8 .functor BUFZ 4, C4<zzzz>; HiZ drive
v0000020fa41f8350_0 .net "divisor", 3 0, o0000020fa41ad0e8;  0 drivers
v0000020fa41f83f0_0 .var "done", 0 0;
v0000020fa41f8490_0 .var "quotient", 3 0;
v0000020fa41f8530_0 .var "remainder", 3 0;
v0000020fa41f85d0_0 .var "result", 3 0;
v0000020fa41f8670_0 .var "result_next", 3 0;
o0000020fa41ad208 .functor BUFZ 1, C4<z>; HiZ drive
v0000020fa41f8710_0 .net "rst_in", 0 0, o0000020fa41ad208;  0 drivers
o0000020fa41ad238 .functor BUFZ 1, C4<z>; HiZ drive
v0000020fa41f9200_0 .net "start", 0 0, o0000020fa41ad238;  0 drivers
v0000020fa41f9340_0 .var "valid", 0 0;
E_0000020fa415aa10 .event posedge, v0000020fa41f80d0_0;
E_0000020fa415a7d0 .event anyedge, v0000020fa4172e90_0, v0000020fa41f8350_0, v0000020fa41a4760_0, v0000020fa41f85d0_0;
    .scope S_0000020fa4172ad0;
T_0 ;
Ewait_0 .event/or E_0000020fa415a7d0, E_0x0;
    %wait Ewait_0;
    %pushi/vec4 0, 0, 1;
    %load/vec4 v0000020fa41f8350_0;
    %concat/vec4; draw_concat_vec4
    %load/vec4 v0000020fa4172e90_0;
    %cmp/u;
    %flag_or 5, 4;
    %jmp/0xz  T_0.0, 5;
    %load/vec4 v0000020fa4172e90_0;
    %load/vec4 v0000020fa41f8350_0;
    %pad/u 5;
    %sub;
    %store/vec4 v0000020fa41a4760_0, 0, 5;
    %load/vec4 v0000020fa41a4760_0;
    %parti/s 4, 0, 2;
    %load/vec4 v0000020fa41f85d0_0;
    %concat/vec4; draw_concat_vec4
    %concati/vec4 1, 0, 1;
    %split/vec4 4;
    %store/vec4 v0000020fa41f8670_0, 0, 4;
    %store/vec4 v0000020fa41a4760_0, 0, 5;
    %jmp T_0.1;
T_0.0 ;
    %load/vec4 v0000020fa4172e90_0;
    %load/vec4 v0000020fa41f85d0_0;
    %concat/vec4; draw_concat_vec4
    %ix/load 4, 1, 0;
    %flag_set/imm 4, 0;
    %shiftl 4;
    %split/vec4 4;
    %store/vec4 v0000020fa41f8670_0, 0, 4;
    %store/vec4 v0000020fa41a4760_0, 0, 5;
T_0.1 ;
    %jmp T_0;
    .thread T_0, $push;
    .scope S_0000020fa4172ad0;
T_1 ;
    %wait E_0000020fa415aa10;
    %pushi/vec4 0, 0, 1;
    %assign/vec4 v0000020fa41f83f0_0, 0;
    %load/vec4 v0000020fa41f9200_0;
    %flag_set/vec4 8;
    %jmp/0xz  T_1.0, 8;
    %pushi/vec4 0, 0, 1;
    %assign/vec4 v0000020fa41f9340_0, 0;
    %pushi/vec4 0, 0, 5;
    %assign/vec4 v0000020fa41f8170_0, 0;
    %load/vec4 v0000020fa41f8350_0;
    %pad/u 32;
    %cmpi/e 0, 0, 32;
    %jmp/0xz  T_1.2, 4;
    %pushi/vec4 0, 0, 1;
    %assign/vec4 v0000020fa41f8030_0, 0;
    %pushi/vec4 1, 0, 1;
    %assign/vec4 v0000020fa41f83f0_0, 0;
    %pushi/vec4 1, 0, 1;
    %assign/vec4 v0000020fa41f8210_0, 0;
    %jmp T_1.3;
T_1.2 ;
    %pushi/vec4 1, 0, 1;
    %assign/vec4 v0000020fa41f8030_0, 0;
    %pushi/vec4 0, 0, 1;
    %assign/vec4 v0000020fa41f8210_0, 0;
    %pushi/vec4 0, 0, 4;
    %load/vec4 v0000020fa41f82b0_0;
    %concat/vec4; draw_concat_vec4
    %concati/vec4 0, 0, 1;
    %split/vec4 4;
    %assign/vec4 v0000020fa41f85d0_0, 0;
    %assign/vec4 v0000020fa4172e90_0, 0;
T_1.3 ;
    %jmp T_1.1;
T_1.0 ;
    %load/vec4 v0000020fa41f8030_0;
    %flag_set/vec4 8;
    %jmp/0xz  T_1.4, 8;
    %load/vec4 v0000020fa41f8170_0;
    %pad/u 32;
    %cmpi/e 3, 0, 32;
    %jmp/0xz  T_1.6, 4;
    %pushi/vec4 0, 0, 1;
    %assign/vec4 v0000020fa41f8030_0, 0;
    %pushi/vec4 1, 0, 1;
    %assign/vec4 v0000020fa41f83f0_0, 0;
    %pushi/vec4 1, 0, 1;
    %assign/vec4 v0000020fa41f9340_0, 0;
    %load/vec4 v0000020fa41f8670_0;
    %assign/vec4 v0000020fa41f8490_0, 0;
    %load/vec4 v0000020fa41a4760_0;
    %parti/s 4, 1, 2;
    %assign/vec4 v0000020fa41f8530_0, 0;
    %jmp T_1.7;
T_1.6 ;
    %load/vec4 v0000020fa41f8170_0;
    %addi 1, 0, 5;
    %assign/vec4 v0000020fa41f8170_0, 0;
    %load/vec4 v0000020fa41a4760_0;
    %assign/vec4 v0000020fa4172e90_0, 0;
    %load/vec4 v0000020fa41f8670_0;
    %assign/vec4 v0000020fa41f85d0_0, 0;
T_1.7 ;
T_1.4 ;
T_1.1 ;
    %load/vec4 v0000020fa41f8710_0;
    %flag_set/vec4 8;
    %jmp/0xz  T_1.8, 8;
    %pushi/vec4 0, 0, 1;
    %assign/vec4 v0000020fa41f8030_0, 0;
    %pushi/vec4 0, 0, 1;
    %assign/vec4 v0000020fa41f83f0_0, 0;
    %pushi/vec4 0, 0, 1;
    %assign/vec4 v0000020fa41f9340_0, 0;
    %pushi/vec4 0, 0, 1;
    %assign/vec4 v0000020fa41f8210_0, 0;
    %pushi/vec4 0, 0, 4;
    %assign/vec4 v0000020fa41f85d0_0, 0;
    %pushi/vec4 0, 0, 4;
    %assign/vec4 v0000020fa41f8530_0, 0;
T_1.8 ;
    %jmp T_1;
    .thread T_1;
# The file index is used to find the file name in the following table.
:file_names 4;
    "N/A";
    "<interactive>";
    "-";
    "divider.sv";
